[debug] [2022-08-13T16:02:15.155Z] ----------------------------------------------------------------------
[debug] [2022-08-13T16:02:15.157Z] Command:       /usr/local/bin/firebase /Users/akash/.cache/firebase/tools/lib/node_modules/firebase-tools/lib/bin/firebase init
[debug] [2022-08-13T16:02:15.157Z] CLI Version:   11.2.2
[debug] [2022-08-13T16:02:15.157Z] Platform:      darwin
[debug] [2022-08-13T16:02:15.157Z] Node Version:  v16.15.0
[debug] [2022-08-13T16:02:15.162Z] Time:          Sat Aug 13 2022 21:32:15 GMT+0530 (India Standard Time)
[debug] [2022-08-13T16:02:15.162Z] ----------------------------------------------------------------------
[debug] 
[debug] [2022-08-13T16:02:15.174Z] > command requires scopes: ["email","openid","https://www.googleapis.com/auth/cloudplatformprojects.readonly","https://www.googleapis.com/auth/firebase","https://www.googleapis.com/auth/cloud-platform"]
[debug] [2022-08-13T16:02:15.174Z] > authorizing via signed-in user (akashp209@gmail.com)
[info] 
     ######## #### ########  ######## ########     ###     ######  ########
     ##        ##  ##     ## ##       ##     ##  ##   ##  ##       ##
     ######    ##  ########  ######   ########  #########  ######  ######
     ##        ##  ##    ##  ##       ##     ## ##     ##       ## ##
     ##       #### ##     ## ######## ########  ##     ##  ######  ########

You're about to initialize a Firebase project in this directory:

  /Users/akash/Desktop/React/demo

[info] 
=== Project Setup
[info] 
[info] First, let's associate this project directory with a Firebase project.
[info] You can create multiple project aliases by running firebase use --add, 
[info] but for now we'll just set up a default project.
[info] 
[debug] [2022-08-13T16:02:41.770Z] > refreshing access token with scopes: []
[debug] [2022-08-13T16:02:41.777Z] >>> [apiv2][query] POST https://www.googleapis.com/oauth2/v3/token [none]
[debug] [2022-08-13T16:02:41.777Z] >>> [apiv2][body] POST https://www.googleapis.com/oauth2/v3/token [omitted]
[debug] [2022-08-13T16:02:42.141Z] <<< [apiv2][status] POST https://www.googleapis.com/oauth2/v3/token 200
[debug] [2022-08-13T16:02:42.142Z] <<< [apiv2][body] POST https://www.googleapis.com/oauth2/v3/token [omitted]
[debug] [2022-08-13T16:02:42.188Z] >>> [apiv2][query] GET https://firebase.googleapis.com/v1beta1/projects pageSize=100
[debug] [2022-08-13T16:02:43.302Z] <<< [apiv2][status] GET https://firebase.googleapis.com/v1beta1/projects 200
[debug] [2022-08-13T16:02:43.303Z] <<< [apiv2][body] GET https://firebase.googleapis.com/v1beta1/projects [omitted]
[info] i  Using project manager-4fde9 (Manager) 
[info] 
=== Hosting Setup
[info] 
[info] Your public directory is the folder (relative to your project directory) that
[info] will contain Hosting assets to be uploaded with firebase deploy. If you
[info] have a build process for your assets, use your build's output directory.
[info] 
[debug] [2022-08-13T16:03:16.997Z] >>> [apiv2][query] GET https://www.gstatic.com/firebasejs/releases.json [none]
[debug] [2022-08-13T16:03:17.244Z] <<< [apiv2][status] GET https://www.gstatic.com/firebasejs/releases.json 200
[debug] [2022-08-13T16:03:17.244Z] <<< [apiv2][body] GET https://www.gstatic.com/firebasejs/releases.json {"current":{"version":"9.9.2","browserURL":"https://www.gstatic.com/firebasejs/9.9.2/firebase.js","packageURL":"https://www.gstatic.com/firebasejs/9.9.2/firebase.tgz"},"live":{"version":"9.9","browserURL":"https://www.gstatic.com/firebasejs/live/9.9/firebase.js","packageURL":"https://www.gstatic.com/firebasejs/live/9.9/firebase.tgz"},"components":{"analytics":"https://www.gstatic.com/firebasejs/9.9.2/firebase-analytics.js","app":"https://www.gstatic.com/firebasejs/9.9.2/firebase-app.js","app-check":"https://www.gstatic.com/firebasejs/9.9.2/firebase-app-check.js","auth":"https://www.gstatic.com/firebasejs/9.9.2/firebase-auth.js","auth/cordova":"https://www.gstatic.com/firebasejs/9.9.2/firebase-auth/cordova.js","auth/react-native":"https://www.gstatic.com/firebasejs/9.9.2/firebase-auth/react-native.js","functions":"https://www.gstatic.com/firebasejs/9.9.2/firebase-functions.js","firestore":"https://www.gstatic.com/firebasejs/9.9.2/firebase-firestore.js","firestore/lite":"https://www.gstatic.com/firebasejs/9.9.2/firebase-firestore/lite.js","installations":"https://www.gstatic.com/firebasejs/9.9.2/firebase-installations.js","storage":"https://www.gstatic.com/firebasejs/9.9.2/firebase-storage.js","performance":"https://www.gstatic.com/firebasejs/9.9.2/firebase-performance.js","remote-config":"https://www.gstatic.com/firebasejs/9.9.2/firebase-remote-config.js","messaging":"https://www.gstatic.com/firebasejs/9.9.2/firebase-messaging.js","messaging/sw":"https://www.gstatic.com/firebasejs/9.9.2/firebase-messaging/sw.js","database":"https://www.gstatic.com/firebasejs/9.9.2/firebase-database.js","firestore.memory":"https://www.gstatic.com/firebasejs/9.9.2/firebase-firestore.memory.js"}}
[info] ✔  Wrote public/index.html 
[info] 
[info] i  Detected a .git folder at /Users/akash/Desktop/React/demo 
[info] i  Authorizing with GitHub to upload your service account to a GitHub repository's secrets store. 
[info] 
[info] Visit this URL on this device to log in:
[info] https://github.com/login/oauth/authorize?client_id=89cf50f02ac6aaed3484&state=760556570&redirect_uri=http%3A%2F%2Flocalhost%3A9005&scope=read%3Auser%20repo%20public_repo
[info] 
[info] Waiting for authentication...
[debug] [2022-08-13T16:03:33.687Z] >>> [apiv2][query] POST https://github.com/login/oauth/access_token [none]
[debug] [2022-08-13T16:03:33.693Z] >>> [apiv2][body] POST https://github.com/login/oauth/access_token [stream]
[debug] [2022-08-13T16:03:34.195Z] <<< [apiv2][status] POST https://github.com/login/oauth/access_token 200
[debug] [2022-08-13T16:03:34.195Z] <<< [apiv2][body] POST https://github.com/login/oauth/access_token {"access_token":"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","token_type":"bearer","scope":"read:user,repo"}
[debug] [2022-08-13T16:03:34.260Z] >>> [apiv2][query] GET https://api.github.com/user [none]
[debug] [2022-08-13T16:03:34.983Z] <<< [apiv2][status] GET https://api.github.com/user 200
[debug] [2022-08-13T16:03:34.984Z] <<< [apiv2][body] GET https://api.github.com/user {"login":"akashp209","id":35990273,"node_id":"MDQ6VXNlcjM1OTkwMjcz","avatar_url":"https://avatars.githubusercontent.com/u/35990273?v=4","gravatar_id":"","url":"https://api.github.com/users/akashp209","html_url":"https://github.com/akashp209","followers_url":"https://api.github.com/users/akashp209/followers","following_url":"https://api.github.com/users/akashp209/following{/other_user}","gists_url":"https://api.github.com/users/akashp209/gists{/gist_id}","starred_url":"https://api.github.com/users/akashp209/starred{/owner}{/repo}","subscriptions_url":"https://api.github.com/users/akashp209/subscriptions","organizations_url":"https://api.github.com/users/akashp209/orgs","repos_url":"https://api.github.com/users/akashp209/repos","events_url":"https://api.github.com/users/akashp209/events{/privacy}","received_events_url":"https://api.github.com/users/akashp209/received_events","type":"User","site_admin":false,"name":null,"company":null,"blog":"","location":null,"email":null,"hireable":null,"bio":null,"twitter_username":null,"public_repos":20,"public_gists":0,"followers":0,"following":0,"created_at":"2018-01-31T07:37:23Z","updated_at":"2022-08-13T16:03:28Z","private_gists":0,"total_private_repos":3,"owned_private_repos":3,"disk_usage":51921,"collaborators":0,"two_factor_authentication":false,"plan":{"name":"free","space":976562499,"collaborators":0,"private_repos":10000}}
[info] 
[info] ✔  Success! Logged into GitHub as akashp209 
[info] 
[debug] [2022-08-13T16:03:48.198Z] >>> [apiv2][query] GET https://api.github.com/repos/Manager/actions/secrets/public-key type=owner
[debug] [2022-08-13T16:03:48.541Z] <<< [apiv2][status] GET https://api.github.com/repos/Manager/actions/secrets/public-key 404
[debug] [2022-08-13T16:03:48.542Z] <<< [apiv2][body] GET https://api.github.com/repos/Manager/actions/secrets/public-key {"message":"Not Found","documentation_url":"https://docs.github.com/rest"}
[debug] [2022-08-13T16:03:51.517Z] >>> [apiv2][query] GET https://api.github.com/repos/Manager/actions/secrets/public-key type=owner
[debug] [2022-08-13T16:03:51.834Z] <<< [apiv2][status] GET https://api.github.com/repos/Manager/actions/secrets/public-key 404
[debug] [2022-08-13T16:03:51.835Z] <<< [apiv2][body] GET https://api.github.com/repos/Manager/actions/secrets/public-key {"message":"Not Found","documentation_url":"https://docs.github.com/rest"}
[debug] [2022-08-13T16:03:55.954Z] >>> [apiv2][query] GET https://api.github.com/repos/Manager/actions/secrets/public-key type=owner
[debug] [2022-08-13T16:03:56.264Z] <<< [apiv2][status] GET https://api.github.com/repos/Manager/actions/secrets/public-key 404
[debug] [2022-08-13T16:03:56.265Z] <<< [apiv2][body] GET https://api.github.com/repos/Manager/actions/secrets/public-key {"message":"Not Found","documentation_url":"https://docs.github.com/rest"}
